[1/21] Building CXX object desktop/CMakeFiles/TeleportUI.dir/src/main.cpp.obj
FAILED: [code=1] desktop/CMakeFiles/TeleportUI.dir/src/main.cpp.obj 
C:\msys64\ucrt64\bin\c++.exe -DNOMINMAX -DTELEPORT_STATIC -DTELEPORT_WINDOWS -DUNICODE -DWIN32_LEAN_AND_MEAN -D_UNICODE -D_WIN32_WINNT=0x0601 -I"D:/CODES/actual projects/Teleport/desktop/imgui" -I"D:/CODES/actual projects/Teleport/desktop/imgui/backends" -I"D:/CODES/actual projects/Teleport/desktop/src" -I"D:/CODES/actual projects/Teleport/core/include" -I"D:/CODES/actual projects/Teleport/build/_deps/json-src/include" -O3 -DNDEBUG -std=c++17 -MD -MT desktop/CMakeFiles/TeleportUI.dir/src/main.cpp.obj -MF desktop\CMakeFiles\TeleportUI.dir\src\main.cpp.obj.d -o desktop/CMakeFiles/TeleportUI.dir/src/main.cpp.obj -c "D:/CODES/actual projects/Teleport/desktop/src/main.cpp"
[2/21] Building CXX object desktop/CMakeFiles/TeleportUI.dir/src/Application.cpp.obj
FAILED: [code=1] desktop/CMakeFiles/TeleportUI.dir/src/Application.cpp.obj 
C:\msys64\ucrt64\bin\c++.exe -DNOMINMAX -DTELEPORT_STATIC -DTELEPORT_WINDOWS -DUNICODE -DWIN32_LEAN_AND_MEAN -D_UNICODE -D_WIN32_WINNT=0x0601 -I"D:/CODES/actual projects/Teleport/desktop/imgui" -I"D:/CODES/actual projects/Teleport/desktop/imgui/backends" -I"D:/CODES/actual projects/Teleport/desktop/src" -I"D:/CODES/actual projects/Teleport/core/include" -I"D:/CODES/actual projects/Teleport/build/_deps/json-src/include" -O3 -DNDEBUG -std=c++17 -MD -MT desktop/CMakeFiles/TeleportUI.dir/src/Application.cpp.obj -MF desktop\CMakeFiles\TeleportUI.dir\src\Application.cpp.obj.d -o desktop/CMakeFiles/TeleportUI.dir/src/Application.cpp.obj -c "D:/CODES/actual projects/Teleport/desktop/src/Application.cpp"
[3/21] Building CXX object desktop/CMakeFiles/TeleportUI.dir/src/TeleportBridge.cpp.obj
FAILED: [code=1] desktop/CMakeFiles/TeleportUI.dir/src/TeleportBridge.cpp.obj 
C:\msys64\ucrt64\bin\c++.exe -DNOMINMAX -DTELEPORT_STATIC -DTELEPORT_WINDOWS -DUNICODE -DWIN32_LEAN_AND_MEAN -D_UNICODE -D_WIN32_WINNT=0x0601 -I"D:/CODES/actual projects/Teleport/desktop/imgui" -I"D:/CODES/actual projects/Teleport/desktop/imgui/backends" -I"D:/CODES/actual projects/Teleport/desktop/src" -I"D:/CODES/actual projects/Teleport/core/include" -I"D:/CODES/actual projects/Teleport/build/_deps/json-src/include" -O3 -DNDEBUG -std=c++17 -MD -MT desktop/CMakeFiles/TeleportUI.dir/src/TeleportBridge.cpp.obj -MF desktop\CMakeFiles\TeleportUI.dir\src\TeleportBridge.cpp.obj.d -o desktop/CMakeFiles/TeleportUI.dir/src/TeleportBridge.cpp.obj -c "D:/CODES/actual projects/Teleport/desktop/src/TeleportBridge.cpp"
[4/21] Building CXX object desktop/CMakeFiles/TeleportUI.dir/src/Theme.cpp.obj
FAILED: [code=1] desktop/CMakeFiles/TeleportUI.dir/src/Theme.cpp.obj 
C:\msys64\ucrt64\bin\c++.exe -DNOMINMAX -DTELEPORT_STATIC -DTELEPORT_WINDOWS -DUNICODE -DWIN32_LEAN_AND_MEAN -D_UNICODE -D_WIN32_WINNT=0x0601 -I"D:/CODES/actual projects/Teleport/desktop/imgui" -I"D:/CODES/actual projects/Teleport/desktop/imgui/backends" -I"D:/CODES/actual projects/Teleport/desktop/src" -I"D:/CODES/actual projects/Teleport/core/include" -I"D:/CODES/actual projects/Teleport/build/_deps/json-src/include" -O3 -DNDEBUG -std=c++17 -MD -MT desktop/CMakeFiles/TeleportUI.dir/src/Theme.cpp.obj -MF desktop\CMakeFiles\TeleportUI.dir\src\Theme.cpp.obj.d -o desktop/CMakeFiles/TeleportUI.dir/src/Theme.cpp.obj -c "D:/CODES/actual projects/Teleport/desktop/src/Theme.cpp"
[5/21] Building CXX object desktop/CMakeFiles/TeleportUI.dir/src/views/DiscoverView.cpp.obj
FAILED: [code=1] desktop/CMakeFiles/TeleportUI.dir/src/views/DiscoverView.cpp.obj 
C:\msys64\ucrt64\bin\c++.exe -DNOMINMAX -DTELEPORT_STATIC -DTELEPORT_WINDOWS -DUNICODE -DWIN32_LEAN_AND_MEAN -D_UNICODE -D_WIN32_WINNT=0x0601 -I"D:/CODES/actual projects/Teleport/desktop/imgui" -I"D:/CODES/actual projects/Teleport/desktop/imgui/backends" -I"D:/CODES/actual projects/Teleport/desktop/src" -I"D:/CODES/actual projects/Teleport/core/include" -I"D:/CODES/actual projects/Teleport/build/_deps/json-src/include" -O3 -DNDEBUG -std=c++17 -MD -MT desktop/CMakeFiles/TeleportUI.dir/src/views/DiscoverView.cpp.obj -MF desktop\CMakeFiles\TeleportUI.dir\src\views\DiscoverView.cpp.obj.d -o desktop/CMakeFiles/TeleportUI.dir/src/views/DiscoverView.cpp.obj -c "D:/CODES/actual projects/Teleport/desktop/src/views/DiscoverView.cpp"
[6/21] Building CXX object desktop/CMakeFiles/TeleportUI.dir/src/views/SendView.cpp.obj
FAILED: [code=1] desktop/CMakeFiles/TeleportUI.dir/src/views/SendView.cpp.obj 
C:\msys64\ucrt64\bin\c++.exe -DNOMINMAX -DTELEPORT_STATIC -DTELEPORT_WINDOWS -DUNICODE -DWIN32_LEAN_AND_MEAN -D_UNICODE -D_WIN32_WINNT=0x0601 -I"D:/CODES/actual projects/Teleport/desktop/imgui" -I"D:/CODES/actual projects/Teleport/desktop/imgui/backends" -I"D:/CODES/actual projects/Teleport/desktop/src" -I"D:/CODES/actual projects/Teleport/core/include" -I"D:/CODES/actual projects/Teleport/build/_deps/json-src/include" -O3 -DNDEBUG -std=c++17 -MD -MT desktop/CMakeFiles/TeleportUI.dir/src/views/SendView.cpp.obj -MF desktop\CMakeFiles\TeleportUI.dir\src\views\SendView.cpp.obj.d -o desktop/CMakeFiles/TeleportUI.dir/src/views/SendView.cpp.obj -c "D:/CODES/actual projects/Teleport/desktop/src/views/SendView.cpp"
[7/21] Building CXX object desktop/CMakeFiles/TeleportUI.dir/src/views/ReceiveView.cpp.obj
FAILED: [code=1] desktop/CMakeFiles/TeleportUI.dir/src/views/ReceiveView.cpp.obj 
C:\msys64\ucrt64\bin\c++.exe -DNOMINMAX -DTELEPORT_STATIC -DTELEPORT_WINDOWS -DUNICODE -DWIN32_LEAN_AND_MEAN -D_UNICODE -D_WIN32_WINNT=0x0601 -I"D:/CODES/actual projects/Teleport/desktop/imgui" -I"D:/CODES/actual projects/Teleport/desktop/imgui/backends" -I"D:/CODES/actual projects/Teleport/desktop/src" -I"D:/CODES/actual projects/Teleport/core/include" -I"D:/CODES/actual projects/Teleport/build/_deps/json-src/include" -O3 -DNDEBUG -std=c++17 -MD -MT desktop/CMakeFiles/TeleportUI.dir/src/views/ReceiveView.cpp.obj -MF desktop\CMakeFiles\TeleportUI.dir\src\views\ReceiveView.cpp.obj.d -o desktop/CMakeFiles/TeleportUI.dir/src/views/ReceiveView.cpp.obj -c "D:/CODES/actual projects/Teleport/desktop/src/views/ReceiveView.cpp"
[8/21] Building CXX object desktop/CMakeFiles/TeleportUI.dir/src/views/TransfersView.cpp.obj
FAILED: [code=1] desktop/CMakeFiles/TeleportUI.dir/src/views/TransfersView.cpp.obj 
C:\msys64\ucrt64\bin\c++.exe -DNOMINMAX -DTELEPORT_STATIC -DTELEPORT_WINDOWS -DUNICODE -DWIN32_LEAN_AND_MEAN -D_UNICODE -D_WIN32_WINNT=0x0601 -I"D:/CODES/actual projects/Teleport/desktop/imgui" -I"D:/CODES/actual projects/Teleport/desktop/imgui/backends" -I"D:/CODES/actual projects/Teleport/desktop/src" -I"D:/CODES/actual projects/Teleport/core/include" -I"D:/CODES/actual projects/Teleport/build/_deps/json-src/include" -O3 -DNDEBUG -std=c++17 -MD -MT desktop/CMakeFiles/TeleportUI.dir/src/views/TransfersView.cpp.obj -MF desktop\CMakeFiles\TeleportUI.dir\src\views\TransfersView.cpp.obj.d -o desktop/CMakeFiles/TeleportUI.dir/src/views/TransfersView.cpp.obj -c "D:/CODES/actual projects/Teleport/desktop/src/views/TransfersView.cpp"
[9/21] Building CXX object desktop/CMakeFiles/TeleportUI.dir/src/components/DeviceCard.cpp.obj
FAILED: [code=1] desktop/CMakeFiles/TeleportUI.dir/src/components/DeviceCard.cpp.obj 
C:\msys64\ucrt64\bin\c++.exe -DNOMINMAX -DTELEPORT_STATIC -DTELEPORT_WINDOWS -DUNICODE -DWIN32_LEAN_AND_MEAN -D_UNICODE -D_WIN32_WINNT=0x0601 -I"D:/CODES/actual projects/Teleport/desktop/imgui" -I"D:/CODES/actual projects/Teleport/desktop/imgui/backends" -I"D:/CODES/actual projects/Teleport/desktop/src" -I"D:/CODES/actual projects/Teleport/core/include" -I"D:/CODES/actual projects/Teleport/build/_deps/json-src/include" -O3 -DNDEBUG -std=c++17 -MD -MT desktop/CMakeFiles/TeleportUI.dir/src/components/DeviceCard.cpp.obj -MF desktop\CMakeFiles\TeleportUI.dir\src\components\DeviceCard.cpp.obj.d -o desktop/CMakeFiles/TeleportUI.dir/src/components/DeviceCard.cpp.obj -c "D:/CODES/actual projects/Teleport/desktop/src/components/DeviceCard.cpp"
[10/21] Building CXX object desktop/CMakeFiles/TeleportUI.dir/src/components/TransferProgress.cpp.obj
FAILED: [code=1] desktop/CMakeFiles/TeleportUI.dir/src/components/TransferProgress.cpp.obj 
C:\msys64\ucrt64\bin\c++.exe -DNOMINMAX -DTELEPORT_STATIC -DTELEPORT_WINDOWS -DUNICODE -DWIN32_LEAN_AND_MEAN -D_UNICODE -D_WIN32_WINNT=0x0601 -I"D:/CODES/actual projects/Teleport/desktop/imgui" -I"D:/CODES/actual projects/Teleport/desktop/imgui/backends" -I"D:/CODES/actual projects/Teleport/desktop/src" -I"D:/CODES/actual projects/Teleport/core/include" -I"D:/CODES/actual projects/Teleport/build/_deps/json-src/include" -O3 -DNDEBUG -std=c++17 -MD -MT desktop/CMakeFiles/TeleportUI.dir/src/components/TransferProgress.cpp.obj -MF desktop\CMakeFiles\TeleportUI.dir\src\components\TransferProgress.cpp.obj.d -o desktop/CMakeFiles/TeleportUI.dir/src/components/TransferProgress.cpp.obj -c "D:/CODES/actual projects/Teleport/desktop/src/components/TransferProgress.cpp"
[11/21] Building CXX object desktop/CMakeFiles/TeleportUI.dir/src/components/FileDropZone.cpp.obj
FAILED: [code=1] desktop/CMakeFiles/TeleportUI.dir/src/components/FileDropZone.cpp.obj 
C:\msys64\ucrt64\bin\c++.exe -DNOMINMAX -DTELEPORT_STATIC -DTELEPORT_WINDOWS -DUNICODE -DWIN32_LEAN_AND_MEAN -D_UNICODE -D_WIN32_WINNT=0x0601 -I"D:/CODES/actual projects/Teleport/desktop/imgui" -I"D:/CODES/actual projects/Teleport/desktop/imgui/backends" -I"D:/CODES/actual projects/Teleport/desktop/src" -I"D:/CODES/actual projects/Teleport/core/include" -I"D:/CODES/actual projects/Teleport/build/_deps/json-src/include" -O3 -DNDEBUG -std=c++17 -MD -MT desktop/CMakeFiles/TeleportUI.dir/src/components/FileDropZone.cpp.obj -MF desktop\CMakeFiles\TeleportUI.dir\src\components\FileDropZone.cpp.obj.d -o desktop/CMakeFiles/TeleportUI.dir/src/components/FileDropZone.cpp.obj -c "D:/CODES/actual projects/Teleport/desktop/src/components/FileDropZone.cpp"
[12/21] Building CXX object desktop/CMakeFiles/TeleportUI.dir/imgui/imgui.cpp.obj
FAILED: [code=1] desktop/CMakeFiles/TeleportUI.dir/imgui/imgui.cpp.obj 
C:\msys64\ucrt64\bin\c++.exe -DNOMINMAX -DTELEPORT_STATIC -DTELEPORT_WINDOWS -DUNICODE -DWIN32_LEAN_AND_MEAN -D_UNICODE -D_WIN32_WINNT=0x0601 -I"D:/CODES/actual projects/Teleport/desktop/imgui" -I"D:/CODES/actual projects/Teleport/desktop/imgui/backends" -I"D:/CODES/actual projects/Teleport/desktop/src" -I"D:/CODES/actual projects/Teleport/core/include" -I"D:/CODES/actual projects/Teleport/build/_deps/json-src/include" -O3 -DNDEBUG -std=c++17 -MD -MT desktop/CMakeFiles/TeleportUI.dir/imgui/imgui.cpp.obj -MF desktop\CMakeFiles\TeleportUI.dir\imgui\imgui.cpp.obj.d -o desktop/CMakeFiles/TeleportUI.dir/imgui/imgui.cpp.obj -c "D:/CODES/actual projects/Teleport/desktop/imgui/imgui.cpp"
[13/21] Building CXX object desktop/CMakeFiles/TeleportUI.dir/src/components/Animations.cpp.obj
FAILED: [code=1] desktop/CMakeFiles/TeleportUI.dir/src/components/Animations.cpp.obj 
C:\msys64\ucrt64\bin\c++.exe -DNOMINMAX -DTELEPORT_STATIC -DTELEPORT_WINDOWS -DUNICODE -DWIN32_LEAN_AND_MEAN -D_UNICODE -D_WIN32_WINNT=0x0601 -I"D:/CODES/actual projects/Teleport/desktop/imgui" -I"D:/CODES/actual projects/Teleport/desktop/imgui/backends" -I"D:/CODES/actual projects/Teleport/desktop/src" -I"D:/CODES/actual projects/Teleport/core/include" -I"D:/CODES/actual projects/Teleport/build/_deps/json-src/include" -O3 -DNDEBUG -std=c++17 -MD -MT desktop/CMakeFiles/TeleportUI.dir/src/components/Animations.cpp.obj -MF desktop\CMakeFiles\TeleportUI.dir\src\components\Animations.cpp.obj.d -o desktop/CMakeFiles/TeleportUI.dir/src/components/Animations.cpp.obj -c "D:/CODES/actual projects/Teleport/desktop/src/components/Animations.cpp"
[14/21] Building CXX object desktop/CMakeFiles/TeleportUI.dir/imgui/imgui_demo.cpp.obj
FAILED: [code=1] desktop/CMakeFiles/TeleportUI.dir/imgui/imgui_demo.cpp.obj 
C:\msys64\ucrt64\bin\c++.exe -DNOMINMAX -DTELEPORT_STATIC -DTELEPORT_WINDOWS -DUNICODE -DWIN32_LEAN_AND_MEAN -D_UNICODE -D_WIN32_WINNT=0x0601 -I"D:/CODES/actual projects/Teleport/desktop/imgui" -I"D:/CODES/actual projects/Teleport/desktop/imgui/backends" -I"D:/CODES/actual projects/Teleport/desktop/src" -I"D:/CODES/actual projects/Teleport/core/include" -I"D:/CODES/actual projects/Teleport/build/_deps/json-src/include" -O3 -DNDEBUG -std=c++17 -MD -MT desktop/CMakeFiles/TeleportUI.dir/imgui/imgui_demo.cpp.obj -MF desktop\CMakeFiles\TeleportUI.dir\imgui\imgui_demo.cpp.obj.d -o desktop/CMakeFiles/TeleportUI.dir/imgui/imgui_demo.cpp.obj -c "D:/CODES/actual projects/Teleport/desktop/imgui/imgui_demo.cpp"
ninja: build stopped: subcommand failed.
